Release 14.7 - xst P.20131013 (nt)
Copyright (c) 1995-2013 Xilinx, Inc.  All rights reserved.
--> Parameter TMPDIR set to xst/projnav.tmp


Total REAL time to Xst completion: 0.00 secs
Total CPU time to Xst completion: 0.17 secs
 
--> Parameter xsthdpdir set to xst


Total REAL time to Xst completion: 0.00 secs
Total CPU time to Xst completion: 0.17 secs
 
--> Reading design: nx3_top.prj

TABLE OF CONTENTS
  1) Synthesis Options Summary
  2) HDL Parsing
  3) HDL Elaboration
  4) HDL Synthesis
       4.1) HDL Synthesis Report
  5) Advanced HDL Synthesis
       5.1) Advanced HDL Synthesis Report
  6) Low Level Synthesis
  7) Partition Report
  8) Design Summary
       8.1) Primitive and Black Box Usage
       8.2) Device utilization summary
       8.3) Partition Resource Summary
       8.4) Timing Report
            8.4.1) Clock Information
            8.4.2) Asynchronous Control Signals Information
            8.4.3) Timing Summary
            8.4.4) Timing Details
            8.4.5) Cross Clock Domains Report


=========================================================================
*                      Synthesis Options Summary                        *
=========================================================================
---- Source Parameters
Input File Name                    : "nx3_top.prj"
Ignore Synthesis Constraint File   : NO

---- Target Parameters
Output File Name                   : "nx3_top"
Output Format                      : NGC
Target Device                      : xc6slx16-3-csg324

---- Source Options
Top Module Name                    : nx3_top
Automatic FSM Extraction           : YES
FSM Encoding Algorithm             : Auto
Safe Implementation                : No
FSM Style                          : LUT
RAM Extraction                     : Yes
RAM Style                          : Auto
ROM Extraction                     : Yes
Shift Register Extraction          : YES
ROM Style                          : Auto
Resource Sharing                   : YES
Asynchronous To Synchronous        : NO
Shift Register Minimum Size        : 2
Use DSP Block                      : Auto
Automatic Register Balancing       : No

---- Target Options
LUT Combining                      : Auto
Reduce Control Sets                : Auto
Add IO Buffers                     : YES
Global Maximum Fanout              : 100000
Add Generic Clock Buffer(BUFG)     : 16
Register Duplication               : YES
Optimize Instantiated Primitives   : NO
Use Clock Enable                   : Auto
Use Synchronous Set                : Auto
Use Synchronous Reset              : Auto
Pack IO Registers into IOBs        : Auto
Equivalent register Removal        : YES

---- General Options
Optimization Goal                  : Speed
Optimization Effort                : 1
Power Reduction                    : NO
Keep Hierarchy                     : No
Netlist Hierarchy                  : As_Optimized
RTL Output                         : Yes
Global Optimization                : AllClockNets
Read Cores                         : YES
Write Timing Constraints           : NO
Cross Clock Analysis               : NO
Hierarchy Separator                : /
Bus Delimiter                      : <>
Case Specifier                     : Maintain
Slice Utilization Ratio            : 100
BRAM Utilization Ratio             : 100
DSP48 Utilization Ratio            : 100
Auto BRAM Packing                  : NO
Slice Utilization Ratio Delta      : 5

=========================================================================


=========================================================================
*                          HDL Parsing                                  *
=========================================================================
Parsing VHDL file "E:\projects\VHDL_XIlinx\async_sequence_detector\Q4_schematic.vhf" into library work
Parsing entity <Q4_schematic>.
Parsing architecture <BEHAVIORAL> of entity <q4_schematic>.
Parsing VHDL file "E:\projects\VHDL_XIlinx\async_sequence_detector\Q3_schematic.vhf" into library work
Parsing entity <Q3_schematic>.
Parsing architecture <BEHAVIORAL> of entity <q3_schematic>.
Parsing VHDL file "E:\projects\VHDL_XIlinx\async_sequence_detector\Q2_schematic.vhf" into library work
Parsing entity <AND6_HXILINX_Q2_schematic>.
Parsing architecture <AND6_HXILINX_Q2_schematic_V> of entity <and6_hxilinx_q2_schematic>.
Parsing entity <Q2_schematic>.
Parsing architecture <BEHAVIORAL> of entity <q2_schematic>.
Parsing VHDL file "E:\projects\VHDL_XIlinx\async_sequence_detector\Q1_schematic.vhf" into library work
Parsing entity <OR6_HXILINX_Q1_schematic>.
Parsing architecture <OR6_HXILINX_Q1_schematic_V> of entity <or6_hxilinx_q1_schematic>.
Parsing entity <Q1_schematic>.
Parsing architecture <BEHAVIORAL> of entity <q1_schematic>.
Parsing VHDL file "E:\projects\VHDL_XIlinx\async_sequence_detector\overall_schematic.vhf" into library work
Parsing entity <OR6_HXILINX_overall_schematic>.
Parsing architecture <OR6_HXILINX_overall_schematic_V> of entity <or6_hxilinx_overall_schematic>.
Parsing entity <AND6_HXILINX_overall_schematic>.
Parsing architecture <AND6_HXILINX_overall_schematic_V> of entity <and6_hxilinx_overall_schematic>.
Parsing entity <Q4_schematic_MUSER_overall_schematic>.
Parsing architecture <BEHAVIORAL> of entity <q4_schematic_muser_overall_schematic>.
Parsing entity <Q3_schematic_MUSER_overall_schematic>.
Parsing architecture <BEHAVIORAL> of entity <q3_schematic_muser_overall_schematic>.
Parsing entity <Q2_schematic_MUSER_overall_schematic>.
Parsing architecture <BEHAVIORAL> of entity <q2_schematic_muser_overall_schematic>.
Parsing entity <Q1_schematic_MUSER_overall_schematic>.
Parsing architecture <BEHAVIORAL> of entity <q1_schematic_muser_overall_schematic>.
Parsing entity <overall_schematic>.
Parsing architecture <BEHAVIORAL> of entity <overall_schematic>.
Parsing VHDL file "E:\projects\VHDL_XIlinx\async_sequence_detector\nx3_top.vhf" into library work
Parsing entity <OR6_HXILINX_nx3_top>.
Parsing architecture <OR6_HXILINX_nx3_top_V> of entity <or6_hxilinx_nx3_top>.
Parsing entity <AND6_HXILINX_nx3_top>.
Parsing architecture <AND6_HXILINX_nx3_top_V> of entity <and6_hxilinx_nx3_top>.
Parsing entity <Q4_schematic_MUSER_nx3_top>.
Parsing architecture <BEHAVIORAL> of entity <q4_schematic_muser_nx3_top>.
Parsing entity <Q3_schematic_MUSER_nx3_top>.
Parsing architecture <BEHAVIORAL> of entity <q3_schematic_muser_nx3_top>.
Parsing entity <Q2_schematic_MUSER_nx3_top>.
Parsing architecture <BEHAVIORAL> of entity <q2_schematic_muser_nx3_top>.
Parsing entity <Q1_schematic_MUSER_nx3_top>.
Parsing architecture <BEHAVIORAL> of entity <q1_schematic_muser_nx3_top>.
Parsing entity <overall_schematic_MUSER_nx3_top>.
Parsing architecture <BEHAVIORAL> of entity <overall_schematic_muser_nx3_top>.
Parsing entity <nx3_top>.
Parsing architecture <BEHAVIORAL> of entity <nx3_top>.

=========================================================================
*                            HDL Elaboration                            *
=========================================================================

Elaborating entity <nx3_top> (architecture <BEHAVIORAL>) from library <work>.

Elaborating entity <overall_schematic_MUSER_nx3_top> (architecture <BEHAVIORAL>) from library <work>.

Elaborating entity <Q1_schematic_MUSER_nx3_top> (architecture <BEHAVIORAL>) from library <work>.

Elaborating entity <OR6_HXILINX_nx3_top> (architecture <OR6_HXILINX_nx3_top_V>) from library <work>.

Elaborating entity <Q2_schematic_MUSER_nx3_top> (architecture <BEHAVIORAL>) from library <work>.

Elaborating entity <AND6_HXILINX_nx3_top> (architecture <AND6_HXILINX_nx3_top_V>) from library <work>.

Elaborating entity <Q3_schematic_MUSER_nx3_top> (architecture <BEHAVIORAL>) from library <work>.

Elaborating entity <Q4_schematic_MUSER_nx3_top> (architecture <BEHAVIORAL>) from library <work>.

=========================================================================
*                           HDL Synthesis                               *
=========================================================================

Synthesizing Unit <nx3_top>.
    Related source file is "E:\projects\VHDL_XIlinx\async_sequence_detector\nx3_top.vhf".
WARNING:Xst:647 - Input <buttons<0:0>> is never used. This port will be preserved and left unconnected if it belongs to a top-level block or it belongs to a sub-block and the hierarchy of this sub-block is preserved.
WARNING:Xst:647 - Input <buttons<2:2>> is never used. This port will be preserved and left unconnected if it belongs to a top-level block or it belongs to a sub-block and the hierarchy of this sub-block is preserved.
WARNING:Xst:647 - Input <buttons<4:4>> is never used. This port will be preserved and left unconnected if it belongs to a top-level block or it belongs to a sub-block and the hierarchy of this sub-block is preserved.
WARNING:Xst:647 - Input <switches<7:1>> is never used. This port will be preserved and left unconnected if it belongs to a top-level block or it belongs to a sub-block and the hierarchy of this sub-block is preserved.
    Summary:
	no macro.
Unit <nx3_top> synthesized.

Synthesizing Unit <overall_schematic_MUSER_nx3_top>.
    Related source file is "E:\projects\VHDL_XIlinx\async_sequence_detector\nx3_top.vhf".
    Summary:
	no macro.
Unit <overall_schematic_MUSER_nx3_top> synthesized.

Synthesizing Unit <Q1_schematic_MUSER_nx3_top>.
    Related source file is "E:\projects\VHDL_XIlinx\async_sequence_detector\nx3_top.vhf".
    Set property "HU_SET = XLXI_82_4" for instance <XLXI_82>.
    Summary:
	no macro.
Unit <Q1_schematic_MUSER_nx3_top> synthesized.

Synthesizing Unit <OR6_HXILINX_nx3_top>.
    Related source file is "E:\projects\VHDL_XIlinx\async_sequence_detector\nx3_top.vhf".
    Summary:
	no macro.
Unit <OR6_HXILINX_nx3_top> synthesized.

Synthesizing Unit <Q2_schematic_MUSER_nx3_top>.
    Related source file is "E:\projects\VHDL_XIlinx\async_sequence_detector\nx3_top.vhf".
    Set property "HU_SET = XLXI_7_3" for instance <XLXI_7>.
    Summary:
	no macro.
Unit <Q2_schematic_MUSER_nx3_top> synthesized.

Synthesizing Unit <AND6_HXILINX_nx3_top>.
    Related source file is "E:\projects\VHDL_XIlinx\async_sequence_detector\nx3_top.vhf".
    Summary:
	no macro.
Unit <AND6_HXILINX_nx3_top> synthesized.

Synthesizing Unit <Q3_schematic_MUSER_nx3_top>.
    Related source file is "E:\projects\VHDL_XIlinx\async_sequence_detector\nx3_top.vhf".
    Summary:
	no macro.
Unit <Q3_schematic_MUSER_nx3_top> synthesized.

Synthesizing Unit <Q4_schematic_MUSER_nx3_top>.
    Related source file is "E:\projects\VHDL_XIlinx\async_sequence_detector\nx3_top.vhf".
    Summary:
	no macro.
Unit <Q4_schematic_MUSER_nx3_top> synthesized.

=========================================================================
HDL Synthesis Report

Found no macro
=========================================================================

=========================================================================
*                       Advanced HDL Synthesis                          *
=========================================================================


=========================================================================
Advanced HDL Synthesis Report

Found no macro
=========================================================================

=========================================================================
*                         Low Level Synthesis                           *
=========================================================================
WARNING:Xst:2170 - Unit overall_schematic_MUSER_nx3_top : the following signal(s) form a combinatorial loop: XLXI_64/XLXN_27, XLXI_64/XLXN_20, Q1_DUMMY, XLXN_42, XLXN_40.
WARNING:Xst:2170 - Unit overall_schematic_MUSER_nx3_top : the following signal(s) form a combinatorial loop: Q4_DUMMY, XLXI_65/XLXN_20, XLXI_67/XLXN_19, XLXI_65/XLXN_17, XLXI_67/XLXN_17, Q2_DUMMY.
WARNING:Xst:2170 - Unit overall_schematic_MUSER_nx3_top : the following signal(s) form a combinatorial loop: XLXI_66/XLXN_21, Q3_DUMMY, XLXI_66/XLXN_23.

Optimizing unit <nx3_top> ...

Optimizing unit <overall_schematic_MUSER_nx3_top> ...

Optimizing unit <OR6_HXILINX_nx3_top> ...

Optimizing unit <AND6_HXILINX_nx3_top> ...

Mapping all equations...
Building and optimizing final netlist ...
Found area constraint ratio of 100 (+ 5) on block nx3_top, actual ratio is 0.

Final Macro Processing ...

=========================================================================
Final Register Report

Found no macro
=========================================================================

=========================================================================
*                           Partition Report                            *
=========================================================================

Partition Implementation Status
-------------------------------

  No Partitions were found in this design.

-------------------------------

=========================================================================
*                            Design Summary                             *
=========================================================================

Top Level Output File Name         : nx3_top.ngc

Primitive and Black Box Usage:
------------------------------
# BELS                             : 57
#      AND2                        : 2
#      AND2B1                      : 1
#      AND3                        : 2
#      AND3B1                      : 6
#      AND4                        : 1
#      AND4B1                      : 5
#      AND4B2                      : 6
#      AND4B3                      : 2
#      AND5B2                      : 8
#      AND5B3                      : 2
#      AND5B4                      : 3
#      AND5B5                      : 1
#      INV                         : 3
#      LUT6                        : 2
#      OR2                         : 6
#      OR3                         : 1
#      OR4                         : 2
#      OR5                         : 4
# IO Buffers                       : 8
#      IBUF                        : 3
#      OBUF                        : 5

Device utilization summary:
---------------------------

Selected Device : 6slx16csg324-3 


Slice Logic Utilization: 
 Number of Slice LUTs:                    5  out of   9112     0%  
    Number used as Logic:                 5  out of   9112     0%  

Slice Logic Distribution: 
 Number of LUT Flip Flop pairs used:      5
   Number with an unused Flip Flop:       5  out of      5   100%  
   Number with an unused LUT:             0  out of      5     0%  
   Number of fully used LUT-FF pairs:     0  out of      5     0%  
   Number of unique control sets:         0

IO Utilization: 
 Number of IOs:                          21
 Number of bonded IOBs:                   8  out of    232     3%  

Specific Feature Utilization:

---------------------------
Partition Resource Summary:
---------------------------

  No Partitions were found in this design.

---------------------------


=========================================================================
Timing Report

NOTE: THESE TIMING NUMBERS ARE ONLY A SYNTHESIS ESTIMATE.
      FOR ACCURATE TIMING INFORMATION PLEASE REFER TO THE TRACE REPORT
      GENERATED AFTER PLACE-and-ROUTE.

Clock Information:
------------------
No clock signals found in this design

Asynchronous Control Signals Information:
----------------------------------------
No asynchronous control signals found in this design

Timing Summary:
---------------
Speed Grade: -3

   Minimum period: No path found
   Minimum input arrival time before clock: No path found
   Maximum output required time after clock: No path found
   Maximum combinational path delay: 25.977ns

Timing Details:
---------------
All values displayed in nanoseconds (ns)

=========================================================================
Timing constraint: Default path analysis
  Total number of paths / destination ports: 14982 / 5
-------------------------------------------------------------------------
Delay:               25.977ns (Levels of Logic = 20)
  Source:            buttons<3> (PAD)
  Destination:       leds<5> (PAD)

  Data Path: buttons<3> to leds<5>
                                Gate     Net
    Cell:in->out      fanout   Delay   Delay  Logical Name (Net Name)
    ----------------------------------------  ------------
     IBUF:I->O             1   1.222   0.944  buttons_3_IBUF (buttons_3_IBUF)
     AND2B1:I0->O          1   0.203   0.924  XLXI_3/XLXI_52 (XLXI_3/XLXN_40)
     OR2:I1->O            22   0.223   1.498  XLXI_3/XLXI_53 (XLXI_3/XLXN_42)
     AND4B3:I0->O          1   0.203   0.808  XLXI_3/XLXI_65/XLXI_4 (XLXI_3/XLXI_65/XLXN_15)
     OR4:I3->O             1   0.339   0.944  XLXI_3/XLXI_65/XLXI_16 (XLXI_3/XLXI_65/XLXN_20)
     OR2:I0->O            27   0.203   1.585  XLXI_3/XLXI_65/XLXI_15 (leds_2_OBUF)
     AND4B1:I0->O          1   0.203   0.944  XLXI_3/XLXI_67/XLXI_9 (XLXI_3/XLXI_67/XLXN_17)
     OR5:I0->O             1   0.203   0.944  XLXI_3/XLXI_67/XLXI_11 (XLXI_3/XLXI_67/XLXN_19)
     OR2:I0->O            29   0.203   1.594  XLXI_3/XLXI_67/XLXI_12 (leds_0_OBUF)
     AND4:I1->O            1   0.223   0.924  XLXI_3/XLXI_66/XLXI_9 (XLXI_3/XLXI_66/XLXN_20)
     OR5:I1->O             1   0.203   0.944  XLXI_3/XLXI_66/XLXI_12 (XLXI_3/XLXI_66/XLXN_23)
     OR2:I0->O            27   0.203   1.468  XLXI_3/XLXI_66/XLXI_13 (leds_1_OBUF)
     AND4B1:I2->O          1   0.320   0.944  XLXI_3/XLXI_64/XLXI_31 (XLXI_3/XLXI_64/XLXN_22)
     begin scope: 'XLXI_3/XLXI_64/XLXI_82:I4'
     LUT6:I0->O            1   0.203   0.944  O1 (O)
     end scope: 'XLXI_3/XLXI_64/XLXI_82:O'
     OR2:I0->O            36   0.203   1.577  XLXI_3/XLXI_64/XLXI_3 (leds_3_OBUF)
     AND4B2:I3->O          1   0.339   0.924  XLXI_3/XLXI_54 (XLXI_3/XLXN_52)
     OR2:I1->O             1   0.223   0.579  XLXI_3/XLXI_56 (leds_5_OBUF)
     OBUF:I->O                 2.571          leds_5_OBUF (leds<5>)
    ----------------------------------------
    Total                     25.977ns (7.490ns logic, 18.487ns route)
                                       (28.8% logic, 71.2% route)

=========================================================================

Cross Clock Domains Report:
--------------------------

=========================================================================


Total REAL time to Xst completion: 6.00 secs
Total CPU time to Xst completion: 6.15 secs
 
--> 

Total memory usage is 289172 kilobytes

Number of errors   :    0 (   0 filtered)
Number of warnings :    7 (   0 filtered)
Number of infos    :    0 (   0 filtered)

