Release 14.7 - xst P.20131013 (nt)
Copyright (c) 1995-2013 Xilinx, Inc.  All rights reserved.
--> Parameter TMPDIR set to xst/projnav.tmp


Total REAL time to Xst completion: 0.00 secs
Total CPU time to Xst completion: 0.15 secs
 
--> Parameter xsthdpdir set to xst


Total REAL time to Xst completion: 0.00 secs
Total CPU time to Xst completion: 0.15 secs
 
--> Reading design: nx3_top.prj

TABLE OF CONTENTS
  1) Synthesis Options Summary
  2) HDL Parsing
  3) HDL Elaboration
  4) HDL Synthesis
       4.1) HDL Synthesis Report
  5) Advanced HDL Synthesis
       5.1) Advanced HDL Synthesis Report
  6) Low Level Synthesis
  7) Partition Report
  8) Design Summary
       8.1) Primitive and Black Box Usage
       8.2) Device utilization summary
       8.3) Partition Resource Summary
       8.4) Timing Report
            8.4.1) Clock Information
            8.4.2) Asynchronous Control Signals Information
            8.4.3) Timing Summary
            8.4.4) Timing Details
            8.4.5) Cross Clock Domains Report


=========================================================================
*                      Synthesis Options Summary                        *
=========================================================================
---- Source Parameters
Input File Name                    : "nx3_top.prj"
Ignore Synthesis Constraint File   : NO

---- Target Parameters
Output File Name                   : "nx3_top"
Output Format                      : NGC
Target Device                      : xc6slx16-2-csg324

---- Source Options
Top Module Name                    : nx3_top
Automatic FSM Extraction           : YES
FSM Encoding Algorithm             : Auto
Safe Implementation                : No
FSM Style                          : LUT
RAM Extraction                     : Yes
RAM Style                          : Auto
ROM Extraction                     : Yes
Shift Register Extraction          : YES
ROM Style                          : Auto
Resource Sharing                   : YES
Asynchronous To Synchronous        : NO
Shift Register Minimum Size        : 2
Use DSP Block                      : Auto
Automatic Register Balancing       : No

---- Target Options
LUT Combining                      : Auto
Reduce Control Sets                : Auto
Add IO Buffers                     : YES
Global Maximum Fanout              : 100000
Add Generic Clock Buffer(BUFG)     : 16
Register Duplication               : YES
Optimize Instantiated Primitives   : NO
Use Clock Enable                   : Auto
Use Synchronous Set                : Auto
Use Synchronous Reset              : Auto
Pack IO Registers into IOBs        : Auto
Equivalent register Removal        : YES

---- General Options
Optimization Goal                  : Speed
Optimization Effort                : 1
Power Reduction                    : NO
Keep Hierarchy                     : No
Netlist Hierarchy                  : As_Optimized
RTL Output                         : Yes
Global Optimization                : AllClockNets
Read Cores                         : YES
Write Timing Constraints           : NO
Cross Clock Analysis               : NO
Hierarchy Separator                : /
Bus Delimiter                      : <>
Case Specifier                     : Maintain
Slice Utilization Ratio            : 100
BRAM Utilization Ratio             : 100
DSP48 Utilization Ratio            : 100
Auto BRAM Packing                  : NO
Slice Utilization Ratio Delta      : 5

=========================================================================


=========================================================================
*                          HDL Parsing                                  *
=========================================================================
Parsing VHDL file "E:\projects\VHDL_XIlinx\led_4_display\display.vhd" into library work
Parsing entity <display>.
Parsing architecture <Behavioral> of entity <display>.
Parsing VHDL file "E:\projects\VHDL_XIlinx\led_4_display\pulse_generator.vhd" into library work
Parsing entity <pulse_generator>.
Parsing architecture <Behavioral> of entity <pulse_generator>.
Parsing VHDL file "E:\projects\VHDL_XIlinx\led_4_display\led_4_display.vhd" into library work
Parsing entity <led_4_display>.
Parsing architecture <Behavioral> of entity <led_4_display>.
Parsing VHDL file "E:\projects\VHDL_XIlinx\led_4_display\nx3_top.vhd" into library work
Parsing entity <nx3_top>.
Parsing architecture <Behavioral> of entity <nx3_top>.

=========================================================================
*                            HDL Elaboration                            *
=========================================================================

Elaborating entity <nx3_top> (architecture <Behavioral>) from library <work>.

Elaborating entity <pulse_generator> (architecture <Behavioral>) from library <work>.

Elaborating entity <led_4_display> (architecture <Behavioral>) from library <work>.

Elaborating entity <display> (architecture <Behavioral>) from library <work>.
INFO:HDLCompiler:679 - "E:\projects\VHDL_XIlinx\led_4_display\led_4_display.vhd" Line 73. Case statement is complete. others clause is never selected

=========================================================================
*                           HDL Synthesis                               *
=========================================================================

Synthesizing Unit <nx3_top>.
    Related source file is "E:\projects\VHDL_XIlinx\led_4_display\nx3_top.vhd".
    Set property "LOC = B8,C4,A8,D9,C9" for signal <buttons>.
    Set property "LOC = T5,V8,U8,N8,M8,V9,T9,T10" for signal <switches>.
    Set property "LOC = T11,R11,N11,M11,V15,U15,V16,U16" for signal <leds>.
    Set property "LOC = P17,P18,N15,N16" for signal <digit>.
    Set property "LOC = M13,L14,N14,M14,U18,U17,T18,T17" for signal <segments>.
    Set property "LOC = V10" for signal <clk>.
WARNING:Xst:647 - Input <buttons> is never used. This port will be preserved and left unconnected if it belongs to a top-level block or it belongs to a sub-block and the hierarchy of this sub-block is preserved.
    Found 8-bit adder for signal <input_num<7:0>> created at line 67.
    Summary:
	inferred   1 Adder/Subtractor(s).
Unit <nx3_top> synthesized.

Synthesizing Unit <pulse_generator>.
    Related source file is "E:\projects\VHDL_XIlinx\led_4_display\pulse_generator.vhd".
    Found 1-bit register for signal <oclk>.
    Found 1-bit register for signal <state>.
    Found 16-bit register for signal <count>.
    Found 16-bit adder for signal <count[15]_GND_6_o_add_0_OUT> created at line 45.
    Summary:
	inferred   1 Adder/Subtractor(s).
	inferred  18 D-type flip-flop(s).
Unit <pulse_generator> synthesized.

Synthesizing Unit <led_4_display>.
    Related source file is "E:\projects\VHDL_XIlinx\led_4_display\led_4_display.vhd".
    Found 2-bit register for signal <state>.
    Found finite state machine <FSM_0> for signal <state>.
    -----------------------------------------------------------------------
    | States             | 4                                              |
    | Transitions        | 4                                              |
    | Inputs             | 0                                              |
    | Outputs            | 6                                              |
    | Clock              | d_clk (rising_edge)                            |
    | Power Up State     | st_0                                           |
    | Encoding           | auto                                           |
    | Implementation     | LUT                                            |
    -----------------------------------------------------------------------
    Found 4-bit 4-to-1 multiplexer for signal <single_number> created at line 85.
    Summary:
	inferred   1 Multiplexer(s).
	inferred   1 Finite State Machine(s).
Unit <led_4_display> synthesized.

Synthesizing Unit <display>.
    Related source file is "E:\projects\VHDL_XIlinx\led_4_display\display.vhd".
    Found 16x8-bit Read Only RAM for signal <segs>
    Summary:
	inferred   1 RAM(s).
Unit <display> synthesized.

=========================================================================
HDL Synthesis Report

Macro Statistics
# RAMs                                                 : 1
 16x8-bit single-port Read Only RAM                    : 1
# Adders/Subtractors                                   : 2
 16-bit adder                                          : 1
 8-bit adder                                           : 1
# Registers                                            : 3
 1-bit register                                        : 2
 16-bit register                                       : 1
# Multiplexers                                         : 1
 4-bit 4-to-1 multiplexer                              : 1
# FSMs                                                 : 1

=========================================================================

=========================================================================
*                       Advanced HDL Synthesis                          *
=========================================================================


Synthesizing (advanced) Unit <display>.
INFO:Xst:3218 - HDL ADVISOR - The RAM <Mram_segs> will be implemented on LUTs either because you have described an asynchronous read or because of currently unsupported block RAM features. If you have described an asynchronous read, making it synchronous would allow you to take advantage of available block RAM resources, for optimized device usage and improved timings. Please refer to your documentation for coding guidelines.
    -----------------------------------------------------------------------
    | ram_type           | Distributed                         |          |
    -----------------------------------------------------------------------
    | Port A                                                              |
    |     aspect ratio   | 16-word x 8-bit                     |          |
    |     weA            | connected to signal <GND>           | high     |
    |     addrA          | connected to signal <number>        |          |
    |     diA            | connected to signal <GND>           |          |
    |     doA            | connected to signal <segs>          |          |
    -----------------------------------------------------------------------
Unit <display> synthesized (advanced).

Synthesizing (advanced) Unit <pulse_generator>.
The following registers are absorbed into counter <count>: 1 register on signal <count>.
Unit <pulse_generator> synthesized (advanced).

=========================================================================
Advanced HDL Synthesis Report

Macro Statistics
# RAMs                                                 : 1
 16x8-bit single-port distributed Read Only RAM        : 1
# Adders/Subtractors                                   : 1
 8-bit adder                                           : 1
# Counters                                             : 1
 16-bit up counter                                     : 1
# Registers                                            : 2
 Flip-Flops                                            : 2
# Multiplexers                                         : 1
 4-bit 4-to-1 multiplexer                              : 1
# FSMs                                                 : 1

=========================================================================

=========================================================================
*                         Low Level Synthesis                           *
=========================================================================
Analyzing FSM <MFsm> for best encoding.
Optimizing FSM <FSM_0> on signal <state[1:4]> with one-hot encoding.
-------------------
 State | Encoding
-------------------
 st_0  | 0001
 st_1  | 0010
 st_2  | 0100
 st_3  | 1000
-------------------

Optimizing unit <nx3_top> ...

Mapping all equations...
Building and optimizing final netlist ...
Found area constraint ratio of 100 (+ 5) on block nx3_top, actual ratio is 0.

Final Macro Processing ...

=========================================================================
Final Register Report

Macro Statistics
# Registers                                            : 22
 Flip-Flops                                            : 22

=========================================================================

=========================================================================
*                           Partition Report                            *
=========================================================================

Partition Implementation Status
-------------------------------

  No Partitions were found in this design.

-------------------------------

=========================================================================
*                            Design Summary                             *
=========================================================================

Top Level Output File Name         : nx3_top.ngc

Primitive and Black Box Usage:
------------------------------
# BELS                             : 88
#      GND                         : 1
#      INV                         : 6
#      LUT1                        : 15
#      LUT2                        : 17
#      LUT4                        : 7
#      LUT5                        : 2
#      LUT6                        : 8
#      MUXCY                       : 15
#      VCC                         : 1
#      XORCY                       : 16
# FlipFlops/Latches                : 22
#      FD                          : 20
#      FDE                         : 2
# Clock Buffers                    : 1
#      BUFGP                       : 1
# IO Buffers                       : 28
#      IBUF                        : 8
#      OBUF                        : 20

Device utilization summary:
---------------------------

Selected Device : 6slx16csg324-2 


Slice Logic Utilization: 
 Number of Slice Registers:              22  out of  18224     0%  
 Number of Slice LUTs:                   55  out of   9112     0%  
    Number used as Logic:                55  out of   9112     0%  

Slice Logic Distribution: 
 Number of LUT Flip Flop pairs used:     58
   Number with an unused Flip Flop:      36  out of     58    62%  
   Number with an unused LUT:             3  out of     58     5%  
   Number of fully used LUT-FF pairs:    19  out of     58    32%  
   Number of unique control sets:         3

IO Utilization: 
 Number of IOs:                          34
 Number of bonded IOBs:                  29  out of    232    12%  

Specific Feature Utilization:
 Number of BUFG/BUFGCTRLs:                1  out of     16     6%  

---------------------------
Partition Resource Summary:
---------------------------

  No Partitions were found in this design.

---------------------------


=========================================================================
Timing Report

NOTE: THESE TIMING NUMBERS ARE ONLY A SYNTHESIS ESTIMATE.
      FOR ACCURATE TIMING INFORMATION PLEASE REFER TO THE TRACE REPORT
      GENERATED AFTER PLACE-and-ROUTE.

Clock Information:
------------------
-----------------------------------+----------------------------------------+-------+
Clock Signal                       | Clock buffer(FF name)                  | Load  |
-----------------------------------+----------------------------------------+-------+
clk                                | BUFGP                                  | 18    |
Inst_pulse_generator/oclk          | NONE(Inst_led_4_display/state_FSM_FFd3)| 4     |
-----------------------------------+----------------------------------------+-------+
INFO:Xst:2169 - HDL ADVISOR - Some clock signals were not automatically buffered by XST with BUFG/BUFR resources. Please use the buffer_type constraint in order to insert these buffers to the clock signals to help prevent skew problems.

Asynchronous Control Signals Information:
----------------------------------------
No asynchronous control signals found in this design

Timing Summary:
---------------
Speed Grade: -2

   Minimum period: 4.563ns (Maximum Frequency: 219.154MHz)
   Minimum input arrival time before clock: No path found
   Maximum output required time after clock: 8.054ns
   Maximum combinational path delay: 9.025ns

Timing Details:
---------------
All values displayed in nanoseconds (ns)

=========================================================================
Timing constraint: Default period analysis for Clock 'clk'
  Clock period: 4.563ns (frequency: 219.154MHz)
  Total number of paths / destination ports: 426 / 20
-------------------------------------------------------------------------
Delay:               4.563ns (Levels of Logic = 3)
  Source:            Inst_pulse_generator/count_1 (FF)
  Destination:       Inst_pulse_generator/count_0 (FF)
  Source Clock:      clk rising
  Destination Clock: clk rising

  Data Path: Inst_pulse_generator/count_1 to Inst_pulse_generator/count_0
                                Gate     Net
    Cell:in->out      fanout   Delay   Delay  Logical Name (Net Name)
    ----------------------------------------  ------------
     FD:C->Q               2   0.525   1.181  Inst_pulse_generator/count_1 (Inst_pulse_generator/count_1)
     LUT6:I0->O            1   0.254   0.790  Inst_pulse_generator/count[15]_GND_6_o_equal_2_o<15>2 (Inst_pulse_generator/count[15]_GND_6_o_equal_2_o<15>1)
     LUT6:I4->O           18   0.250   1.235  Inst_pulse_generator/count[15]_GND_6_o_equal_2_o<15>3 (Inst_pulse_generator/count[15]_GND_6_o_equal_2_o)
     LUT2:I1->O            1   0.254   0.000  Inst_pulse_generator/count_0_rstpot (Inst_pulse_generator/count_0_rstpot)
     FD:D                      0.074          Inst_pulse_generator/count_0
    ----------------------------------------
    Total                      4.563ns (1.357ns logic, 3.206ns route)
                                       (29.7% logic, 70.3% route)

=========================================================================
Timing constraint: Default period analysis for Clock 'Inst_pulse_generator/oclk'
  Clock period: 1.474ns (frequency: 678.426MHz)
  Total number of paths / destination ports: 4 / 4
-------------------------------------------------------------------------
Delay:               1.474ns (Levels of Logic = 0)
  Source:            Inst_led_4_display/state_FSM_FFd4 (FF)
  Destination:       Inst_led_4_display/state_FSM_FFd3 (FF)
  Source Clock:      Inst_pulse_generator/oclk rising
  Destination Clock: Inst_pulse_generator/oclk rising

  Data Path: Inst_led_4_display/state_FSM_FFd4 to Inst_led_4_display/state_FSM_FFd3
                                Gate     Net
    Cell:in->out      fanout   Delay   Delay  Logical Name (Net Name)
    ----------------------------------------  ------------
     FD:C->Q               6   0.525   0.875  Inst_led_4_display/state_FSM_FFd4 (Inst_led_4_display/state_FSM_FFd4)
     FD:D                      0.074          Inst_led_4_display/state_FSM_FFd3
    ----------------------------------------
    Total                      1.474ns (0.599ns logic, 0.875ns route)
                                       (40.6% logic, 59.4% route)

=========================================================================
Timing constraint: Default OFFSET OUT AFTER for Clock 'Inst_pulse_generator/oclk'
  Total number of paths / destination ports: 95 / 11
-------------------------------------------------------------------------
Offset:              8.054ns (Levels of Logic = 4)
  Source:            Inst_led_4_display/state_FSM_FFd4 (FF)
  Destination:       segments<4> (PAD)
  Source Clock:      Inst_pulse_generator/oclk rising

  Data Path: Inst_led_4_display/state_FSM_FFd4 to segments<4>
                                Gate     Net
    Cell:in->out      fanout   Delay   Delay  Logical Name (Net Name)
    ----------------------------------------  ------------
     FD:C->Q               6   0.525   1.306  Inst_led_4_display/state_FSM_FFd4 (Inst_led_4_display/state_FSM_FFd4)
     LUT5:I0->O            1   0.254   0.682  Inst_led_4_display/Mmux_single_number<0>_SW0 (N4)
     LUT5:I4->O            7   0.254   1.186  Inst_led_4_display/Mmux_single_number<0> (Inst_led_4_display/single_number<0>)
     LUT4:I0->O            1   0.254   0.681  Inst_led_4_display/single_display/Mram_segs41 (segments_4_OBUF)
     OBUF:I->O                 2.912          segments_4_OBUF (segments<4>)
    ----------------------------------------
    Total                      8.054ns (4.199ns logic, 3.855ns route)
                                       (52.1% logic, 47.9% route)

=========================================================================
Timing constraint: Default path analysis
  Total number of paths / destination ports: 210 / 7
-------------------------------------------------------------------------
Delay:               9.025ns (Levels of Logic = 5)
  Source:            switches<6> (PAD)
  Destination:       segments<5> (PAD)

  Data Path: switches<6> to segments<5>
                                Gate     Net
    Cell:in->out      fanout   Delay   Delay  Logical Name (Net Name)
    ----------------------------------------  ------------
     IBUF:I->O             3   1.328   1.221  switches_6_IBUF (switches_6_IBUF)
     LUT6:I0->O            2   0.254   0.954  Madd_input_num<7:0>_cy<2>11 (Madd_input_num<7:0>_cy<2>)
     LUT6:I3->O            7   0.235   1.186  Inst_led_4_display/Mmux_single_number<3> (Inst_led_4_display/single_number<3>)
     LUT4:I0->O            1   0.254   0.681  Inst_led_4_display/single_display/Mram_segs51 (segments_5_OBUF)
     OBUF:I->O                 2.912          segments_5_OBUF (segments<5>)
    ----------------------------------------
    Total                      9.025ns (4.983ns logic, 4.042ns route)
                                       (55.2% logic, 44.8% route)

=========================================================================

Cross Clock Domains Report:
--------------------------

Clock to Setup on destination clock Inst_pulse_generator/oclk
-------------------------+---------+---------+---------+---------+
                         | Src:Rise| Src:Fall| Src:Rise| Src:Fall|
Source Clock             |Dest:Rise|Dest:Rise|Dest:Fall|Dest:Fall|
-------------------------+---------+---------+---------+---------+
Inst_pulse_generator/oclk|    1.474|         |         |         |
-------------------------+---------+---------+---------+---------+

Clock to Setup on destination clock clk
---------------+---------+---------+---------+---------+
               | Src:Rise| Src:Fall| Src:Rise| Src:Fall|
Source Clock   |Dest:Rise|Dest:Rise|Dest:Fall|Dest:Fall|
---------------+---------+---------+---------+---------+
clk            |    4.563|         |         |         |
---------------+---------+---------+---------+---------+

=========================================================================


Total REAL time to Xst completion: 5.00 secs
Total CPU time to Xst completion: 4.73 secs
 
--> 

Total memory usage is 244836 kilobytes

Number of errors   :    0 (   0 filtered)
Number of warnings :    1 (   0 filtered)
Number of infos    :    2 (   0 filtered)

