Release 14.7 - xst P.20131013 (nt64)
Copyright (c) 1995-2013 Xilinx, Inc.  All rights reserved.
--> Parameter TMPDIR set to xst/projnav.tmp


Total REAL time to Xst completion: 0.00 secs
Total CPU time to Xst completion: 0.11 secs
 
--> Parameter xsthdpdir set to xst


Total REAL time to Xst completion: 0.00 secs
Total CPU time to Xst completion: 0.11 secs
 
--> Reading design: nx3_top.prj

TABLE OF CONTENTS
  1) Synthesis Options Summary
  2) HDL Parsing
  3) HDL Elaboration
  4) HDL Synthesis
       4.1) HDL Synthesis Report
  5) Advanced HDL Synthesis
       5.1) Advanced HDL Synthesis Report
  6) Low Level Synthesis
  7) Partition Report
  8) Design Summary
       8.1) Primitive and Black Box Usage
       8.2) Device utilization summary
       8.3) Partition Resource Summary
       8.4) Timing Report
            8.4.1) Clock Information
            8.4.2) Asynchronous Control Signals Information
            8.4.3) Timing Summary
            8.4.4) Timing Details
            8.4.5) Cross Clock Domains Report


=========================================================================
*                      Synthesis Options Summary                        *
=========================================================================
---- Source Parameters
Input File Name                    : "nx3_top.prj"
Ignore Synthesis Constraint File   : NO

---- Target Parameters
Output File Name                   : "nx3_top"
Output Format                      : NGC
Target Device                      : xc6slx16-2-csg324

---- Source Options
Top Module Name                    : nx3_top
Automatic FSM Extraction           : YES
FSM Encoding Algorithm             : Auto
Safe Implementation                : No
FSM Style                          : LUT
RAM Extraction                     : Yes
RAM Style                          : Auto
ROM Extraction                     : Yes
Shift Register Extraction          : YES
ROM Style                          : Auto
Resource Sharing                   : YES
Asynchronous To Synchronous        : NO
Shift Register Minimum Size        : 2
Use DSP Block                      : Auto
Automatic Register Balancing       : No

---- Target Options
LUT Combining                      : Auto
Reduce Control Sets                : Auto
Add IO Buffers                     : YES
Global Maximum Fanout              : 100000
Add Generic Clock Buffer(BUFG)     : 16
Register Duplication               : YES
Optimize Instantiated Primitives   : NO
Use Clock Enable                   : Auto
Use Synchronous Set                : Auto
Use Synchronous Reset              : Auto
Pack IO Registers into IOBs        : Auto
Equivalent register Removal        : YES

---- General Options
Optimization Goal                  : Speed
Optimization Effort                : 1
Power Reduction                    : NO
Keep Hierarchy                     : No
Netlist Hierarchy                  : As_Optimized
RTL Output                         : Yes
Global Optimization                : AllClockNets
Read Cores                         : YES
Write Timing Constraints           : NO
Cross Clock Analysis               : NO
Hierarchy Separator                : /
Bus Delimiter                      : <>
Case Specifier                     : Maintain
Slice Utilization Ratio            : 100
BRAM Utilization Ratio             : 100
DSP48 Utilization Ratio            : 100
Auto BRAM Packing                  : NO
Slice Utilization Ratio Delta      : 5

=========================================================================


=========================================================================
*                          HDL Parsing                                  *
=========================================================================
Parsing VHDL file "C:\cdimage\lab1\display.vhd" into library work
Parsing entity <display>.
Parsing architecture <Behavioral> of entity <display>.
Parsing VHDL file "C:\cdimage\lab1\nx3_top.vhd" into library work
Parsing entity <nx3_top>.
Parsing architecture <Behavioral> of entity <nx3_top>.

=========================================================================
*                            HDL Elaboration                            *
=========================================================================

Elaborating entity <nx3_top> (architecture <Behavioral>) from library <work>.

Elaborating entity <display> (architecture <Behavioral>) from library <work>.

=========================================================================
*                           HDL Synthesis                               *
=========================================================================

Synthesizing Unit <nx3_top>.
    Related source file is "C:\cdimage\lab1\nx3_top.vhd".
    Set property "LOC = B8,C4,A8,D9,C9" for signal <buttons>.
    Set property "LOC = T5,V8,U8,N8,M8,V9,T9,T10" for signal <switches>.
    Set property "LOC = T11,R11,N11,M11,V15,U15,V16,U16" for signal <leds<7:5>>.
    Set property "LOC = T11,R11,N11,M11,V15,U15,V16,U16" for signal <leds<4:0>>.
    Set property "LOC = P17,P18,N15,N16" for signal <digit>.
    Set property "LOC = M13,L14,N14,M14,U18,U17,T18,T17" for signal <segments>.
    Set property "LOC = V10" for signal <clk>.
WARNING:Xst:647 - Input <clk> is never used. This port will be preserved and left unconnected if it belongs to a top-level block or it belongs to a sub-block and the hierarchy of this sub-block is preserved.
    Found 4-bit adder for signal <sum> created at line 40.
INFO:Xst:2774 - HDL ADVISOR - LOC property attached to signal leds<7:5> may hinder XST clustering optimizations.
    Summary:
	inferred   1 Adder/Subtractor(s).
Unit <nx3_top> synthesized.

Synthesizing Unit <display>.
    Related source file is "C:\cdimage\lab1\display.vhd".
    Found 16x7-bit Read Only RAM for signal <segs<6:0>>
    Summary:
	inferred   1 RAM(s).
Unit <display> synthesized.

=========================================================================
HDL Synthesis Report

Macro Statistics
# RAMs                                                 : 1
 16x7-bit single-port Read Only RAM                    : 1
# Adders/Subtractors                                   : 1
 4-bit adder                                           : 1

=========================================================================

=========================================================================
*                       Advanced HDL Synthesis                          *
=========================================================================


Synthesizing (advanced) Unit <display>.
INFO:Xst:3218 - HDL ADVISOR - The RAM <Mram_segs<6:0>> will be implemented on LUTs either because you have described an asynchronous read or because of currently unsupported block RAM features. If you have described an asynchronous read, making it synchronous would allow you to take advantage of available block RAM resources, for optimized device usage and improved timings. Please refer to your documentation for coding guidelines.
    -----------------------------------------------------------------------
    | ram_type           | Distributed                         |          |
    -----------------------------------------------------------------------
    | Port A                                                              |
    |     aspect ratio   | 16-word x 7-bit                     |          |
    |     weA            | connected to signal <GND>           | high     |
    |     addrA          | connected to signal <number>        |          |
    |     diA            | connected to signal <GND>           |          |
    |     doA            | connected to signal <segs>          |          |
    -----------------------------------------------------------------------
Unit <display> synthesized (advanced).

=========================================================================
Advanced HDL Synthesis Report

Macro Statistics
# RAMs                                                 : 1
 16x7-bit single-port distributed Read Only RAM        : 1
# Adders/Subtractors                                   : 1
 4-bit adder                                           : 1

=========================================================================

=========================================================================
*                         Low Level Synthesis                           *
=========================================================================

Optimizing unit <nx3_top> ...

Mapping all equations...
Building and optimizing final netlist ...
Found area constraint ratio of 100 (+ 5) on block nx3_top, actual ratio is 0.

Final Macro Processing ...

=========================================================================
Final Register Report

Found no macro
=========================================================================

=========================================================================
*                           Partition Report                            *
=========================================================================

Partition Implementation Status
-------------------------------

  No Partitions were found in this design.

-------------------------------

=========================================================================
*                            Design Summary                             *
=========================================================================

Top Level Output File Name         : nx3_top.ngc

Primitive and Black Box Usage:
------------------------------
# BELS                             : 14
#      GND                         : 1
#      LUT2                        : 3
#      LUT3                        : 1
#      LUT6                        : 8
#      VCC                         : 1
# IO Buffers                       : 33
#      IBUF                        : 13
#      OBUF                        : 20

Device utilization summary:
---------------------------

Selected Device : 6slx16csg324-2 


Slice Logic Utilization: 
 Number of Slice LUTs:                   12  out of   9112     0%  
    Number used as Logic:                12  out of   9112     0%  

Slice Logic Distribution: 
 Number of LUT Flip Flop pairs used:     12
   Number with an unused Flip Flop:      12  out of     12   100%  
   Number with an unused LUT:             0  out of     12     0%  
   Number of fully used LUT-FF pairs:     0  out of     12     0%  
   Number of unique control sets:         0

IO Utilization: 
 Number of IOs:                          34
 Number of bonded IOBs:                  33  out of    232    14%  

Specific Feature Utilization:

---------------------------
Partition Resource Summary:
---------------------------

  No Partitions were found in this design.

---------------------------


=========================================================================
Timing Report

NOTE: THESE TIMING NUMBERS ARE ONLY A SYNTHESIS ESTIMATE.
      FOR ACCURATE TIMING INFORMATION PLEASE REFER TO THE TRACE REPORT
      GENERATED AFTER PLACE-and-ROUTE.

Clock Information:
------------------
No clock signals found in this design

Asynchronous Control Signals Information:
----------------------------------------
No asynchronous control signals found in this design

Timing Summary:
---------------
Speed Grade: -2

   Minimum period: No path found
   Minimum input arrival time before clock: No path found
   Maximum output required time after clock: No path found
   Maximum combinational path delay: 8.982ns

Timing Details:
---------------
All values displayed in nanoseconds (ns)

=========================================================================
Timing constraint: Default path analysis
  Total number of paths / destination ports: 111 / 12
-------------------------------------------------------------------------
Delay:               8.982ns (Levels of Logic = 5)
  Source:            switches<5> (PAD)
  Destination:       segments<6> (PAD)

  Data Path: switches<5> to segments<6>
                                Gate     Net
    Cell:in->out      fanout   Delay   Delay  Logical Name (Net Name)
    ----------------------------------------  ------------
     IBUF:I->O             9   1.328   1.252  switches_5_IBUF (switches_5_IBUF)
     LUT6:I2->O            1   0.254   0.682  Madd_sum_cy<2>11 (Madd_sum_cy<2>)
     LUT3:I2->O            7   0.254   1.365  Madd_sum_xor<3>11 (sum<3>)
     LUT6:I0->O            1   0.254   0.681  dd/Mram_segs<6:0>61 (segments_6_OBUF)
     OBUF:I->O                 2.912          segments_6_OBUF (segments<6>)
    ----------------------------------------
    Total                      8.982ns (5.002ns logic, 3.980ns route)
                                       (55.7% logic, 44.3% route)

=========================================================================

Cross Clock Domains Report:
--------------------------

=========================================================================


Total REAL time to Xst completion: 4.00 secs
Total CPU time to Xst completion: 4.36 secs
 
--> 

Total memory usage is 279232 kilobytes

Number of errors   :    0 (   0 filtered)
Number of warnings :    1 (   0 filtered)
Number of infos    :    2 (   0 filtered)

