Release 14.7 - xst P.20131013 (nt)
Copyright (c) 1995-2013 Xilinx, Inc.  All rights reserved.
--> Parameter TMPDIR set to xst/projnav.tmp


Total REAL time to Xst completion: 1.00 secs
Total CPU time to Xst completion: 0.15 secs
 
--> Parameter xsthdpdir set to xst


Total REAL time to Xst completion: 1.00 secs
Total CPU time to Xst completion: 0.15 secs
 
--> Reading design: led_4_display.prj

TABLE OF CONTENTS
  1) Synthesis Options Summary
  2) HDL Parsing
  3) HDL Elaboration
  4) HDL Synthesis
       4.1) HDL Synthesis Report
  5) Advanced HDL Synthesis
       5.1) Advanced HDL Synthesis Report
  6) Low Level Synthesis
  7) Partition Report
  8) Design Summary
       8.1) Primitive and Black Box Usage
       8.2) Device utilization summary
       8.3) Partition Resource Summary
       8.4) Timing Report
            8.4.1) Clock Information
            8.4.2) Asynchronous Control Signals Information
            8.4.3) Timing Summary
            8.4.4) Timing Details
            8.4.5) Cross Clock Domains Report


=========================================================================
*                      Synthesis Options Summary                        *
=========================================================================
---- Source Parameters
Input File Name                    : "led_4_display.prj"
Ignore Synthesis Constraint File   : NO

---- Target Parameters
Output File Name                   : "led_4_display"
Output Format                      : NGC
Target Device                      : xc6slx16-2-csg324

---- Source Options
Top Module Name                    : led_4_display
Automatic FSM Extraction           : YES
FSM Encoding Algorithm             : Auto
Safe Implementation                : No
FSM Style                          : LUT
RAM Extraction                     : Yes
RAM Style                          : Auto
ROM Extraction                     : Yes
Shift Register Extraction          : YES
ROM Style                          : Auto
Resource Sharing                   : YES
Asynchronous To Synchronous        : NO
Shift Register Minimum Size        : 2
Use DSP Block                      : Auto
Automatic Register Balancing       : No

---- Target Options
LUT Combining                      : Auto
Reduce Control Sets                : Auto
Add IO Buffers                     : YES
Global Maximum Fanout              : 100000
Add Generic Clock Buffer(BUFG)     : 16
Register Duplication               : YES
Optimize Instantiated Primitives   : NO
Use Clock Enable                   : Auto
Use Synchronous Set                : Auto
Use Synchronous Reset              : Auto
Pack IO Registers into IOBs        : Auto
Equivalent register Removal        : YES

---- General Options
Optimization Goal                  : Speed
Optimization Effort                : 1
Power Reduction                    : NO
Keep Hierarchy                     : No
Netlist Hierarchy                  : As_Optimized
RTL Output                         : Yes
Global Optimization                : AllClockNets
Read Cores                         : YES
Write Timing Constraints           : NO
Cross Clock Analysis               : NO
Hierarchy Separator                : /
Bus Delimiter                      : <>
Case Specifier                     : Maintain
Slice Utilization Ratio            : 100
BRAM Utilization Ratio             : 100
DSP48 Utilization Ratio            : 100
Auto BRAM Packing                  : NO
Slice Utilization Ratio Delta      : 5

=========================================================================


=========================================================================
*                          HDL Parsing                                  *
=========================================================================
Parsing VHDL file "E:\projects\VHDL_XIlinx\combination_lock\display.vhd" into library work
Parsing entity <display>.
Parsing architecture <Behavioral> of entity <display>.
Parsing VHDL file "E:\projects\VHDL_XIlinx\combination_lock\bit4_cycle_generator.vhd" into library work
Parsing entity <bit4_cycle_generator>.
Parsing architecture <Behavioral> of entity <bit4_cycle_generator>.
Parsing VHDL file "E:\projects\VHDL_XIlinx\combination_lock\led_4_display.vhd" into library work
Parsing entity <led_4_display>.
Parsing architecture <Behavioral> of entity <led_4_display>.

=========================================================================
*                            HDL Elaboration                            *
=========================================================================

Elaborating entity <led_4_display> (architecture <Behavioral>) from library <work>.

Elaborating entity <display> (architecture <Behavioral>) from library <work>.

Elaborating entity <bit4_cycle_generator> (architecture <Behavioral>) from library <work>.
INFO:HDLCompiler:679 - "E:\projects\VHDL_XIlinx\combination_lock\bit4_cycle_generator.vhd" Line 49. Case statement is complete. others clause is never selected

=========================================================================
*                           HDL Synthesis                               *
=========================================================================

Synthesizing Unit <led_4_display>.
    Related source file is "E:\projects\VHDL_XIlinx\combination_lock\led_4_display.vhd".
    Summary:
	inferred  10 Multiplexer(s).
Unit <led_4_display> synthesized.

Synthesizing Unit <display>.
    Related source file is "E:\projects\VHDL_XIlinx\combination_lock\display.vhd".
    Found 16x8-bit Read Only RAM for signal <segs>
    Summary:
	inferred   1 RAM(s).
Unit <display> synthesized.

Synthesizing Unit <bit4_cycle_generator>.
    Related source file is "E:\projects\VHDL_XIlinx\combination_lock\bit4_cycle_generator.vhd".
    Found 2-bit register for signal <state>.
    Found finite state machine <FSM_0> for signal <state>.
    -----------------------------------------------------------------------
    | States             | 4                                              |
    | Transitions        | 4                                              |
    | Inputs             | 0                                              |
    | Outputs            | 4                                              |
    | Clock              | in_clk (rising_edge)                           |
    | Power Up State     | st_0                                           |
    | Encoding           | auto                                           |
    | Implementation     | LUT                                            |
    -----------------------------------------------------------------------
    Summary:
	inferred   1 Finite State Machine(s).
Unit <bit4_cycle_generator> synthesized.

=========================================================================
HDL Synthesis Report

Macro Statistics
# RAMs                                                 : 1
 16x8-bit single-port Read Only RAM                    : 1
# Multiplexers                                         : 10
 4-bit 2-to-1 multiplexer                              : 10
# FSMs                                                 : 1

=========================================================================

=========================================================================
*                       Advanced HDL Synthesis                          *
=========================================================================


Synthesizing (advanced) Unit <display>.
INFO:Xst:3218 - HDL ADVISOR - The RAM <Mram_segs> will be implemented on LUTs either because you have described an asynchronous read or because of currently unsupported block RAM features. If you have described an asynchronous read, making it synchronous would allow you to take advantage of available block RAM resources, for optimized device usage and improved timings. Please refer to your documentation for coding guidelines.
    -----------------------------------------------------------------------
    | ram_type           | Distributed                         |          |
    -----------------------------------------------------------------------
    | Port A                                                              |
    |     aspect ratio   | 16-word x 8-bit                     |          |
    |     weA            | connected to signal <GND>           | high     |
    |     addrA          | connected to signal <number>        |          |
    |     diA            | connected to signal <GND>           |          |
    |     doA            | connected to signal <segs>          |          |
    -----------------------------------------------------------------------
Unit <display> synthesized (advanced).

=========================================================================
Advanced HDL Synthesis Report

Macro Statistics
# RAMs                                                 : 1
 16x8-bit single-port distributed Read Only RAM        : 1
# Multiplexers                                         : 10
 4-bit 2-to-1 multiplexer                              : 10
# FSMs                                                 : 1

=========================================================================

=========================================================================
*                         Low Level Synthesis                           *
=========================================================================
Analyzing FSM <MFsm> for best encoding.
Optimizing FSM <FSM_0> on signal <state[1:4]> with one-hot encoding.
-------------------
 State | Encoding
-------------------
 st_0  | 0001
 st_1  | 0010
 st_2  | 0100
 st_3  | 1000
-------------------

Optimizing unit <led_4_display> ...

Mapping all equations...
Building and optimizing final netlist ...
Found area constraint ratio of 100 (+ 5) on block led_4_display, actual ratio is 0.

Final Macro Processing ...

=========================================================================
Final Register Report

Macro Statistics
# Registers                                            : 4
 Flip-Flops                                            : 4

=========================================================================

=========================================================================
*                           Partition Report                            *
=========================================================================

Partition Implementation Status
-------------------------------

  No Partitions were found in this design.

-------------------------------

=========================================================================
*                            Design Summary                             *
=========================================================================

Top Level Output File Name         : led_4_display.ngc

Primitive and Black Box Usage:
------------------------------
# BELS                             : 16
#      LUT4                        : 11
#      LUT5                        : 4
#      VCC                         : 1
# FlipFlops/Latches                : 4
#      FD                          : 4
# Clock Buffers                    : 1
#      BUFGP                       : 1
# IO Buffers                       : 24
#      IBUF                        : 16
#      OBUF                        : 8

Device utilization summary:
---------------------------

Selected Device : 6slx16csg324-2 


Slice Logic Utilization: 
 Number of Slice Registers:               4  out of  18224     0%  
 Number of Slice LUTs:                   15  out of   9112     0%  
    Number used as Logic:                15  out of   9112     0%  

Slice Logic Distribution: 
 Number of LUT Flip Flop pairs used:     15
   Number with an unused Flip Flop:      11  out of     15    73%  
   Number with an unused LUT:             0  out of     15     0%  
   Number of fully used LUT-FF pairs:     4  out of     15    26%  
   Number of unique control sets:         1

IO Utilization: 
 Number of IOs:                          29
 Number of bonded IOBs:                  25  out of    232    10%  

Specific Feature Utilization:
 Number of BUFG/BUFGCTRLs:                1  out of     16     6%  

---------------------------
Partition Resource Summary:
---------------------------

  No Partitions were found in this design.

---------------------------


=========================================================================
Timing Report

NOTE: THESE TIMING NUMBERS ARE ONLY A SYNTHESIS ESTIMATE.
      FOR ACCURATE TIMING INFORMATION PLEASE REFER TO THE TRACE REPORT
      GENERATED AFTER PLACE-and-ROUTE.

Clock Information:
------------------
-----------------------------------+------------------------+-------+
Clock Signal                       | Clock buffer(FF name)  | Load  |
-----------------------------------+------------------------+-------+
d_clk                              | BUFGP                  | 4     |
-----------------------------------+------------------------+-------+

Asynchronous Control Signals Information:
----------------------------------------
No asynchronous control signals found in this design

Timing Summary:
---------------
Speed Grade: -2

   Minimum period: 1.439ns (Maximum Frequency: 694.927MHz)
   Minimum input arrival time before clock: No path found
   Maximum output required time after clock: 8.074ns
   Maximum combinational path delay: 8.718ns

Timing Details:
---------------
All values displayed in nanoseconds (ns)

=========================================================================
Timing constraint: Default period analysis for Clock 'd_clk'
  Clock period: 1.439ns (frequency: 694.927MHz)
  Total number of paths / destination ports: 4 / 4
-------------------------------------------------------------------------
Delay:               1.439ns (Levels of Logic = 0)
  Source:            Inst_bit4_cycle_generator/state_FSM_FFd4 (FF)
  Destination:       Inst_bit4_cycle_generator/state_FSM_FFd3 (FF)
  Source Clock:      d_clk rising
  Destination Clock: d_clk rising

  Data Path: Inst_bit4_cycle_generator/state_FSM_FFd4 to Inst_bit4_cycle_generator/state_FSM_FFd3
                                Gate     Net
    Cell:in->out      fanout   Delay   Delay  Logical Name (Net Name)
    ----------------------------------------  ------------
     FD:C->Q               5   0.525   0.840  Inst_bit4_cycle_generator/state_FSM_FFd4 (Inst_bit4_cycle_generator/state_FSM_FFd4)
     FD:D                      0.074          Inst_bit4_cycle_generator/state_FSM_FFd3
    ----------------------------------------
    Total                      1.439ns (0.599ns logic, 0.840ns route)
                                       (41.6% logic, 58.4% route)

=========================================================================
Timing constraint: Default OFFSET OUT AFTER for Clock 'd_clk'
  Total number of paths / destination ports: 112 / 7
-------------------------------------------------------------------------
Offset:              8.074ns (Levels of Logic = 4)
  Source:            Inst_bit4_cycle_generator/state_FSM_FFd4 (FF)
  Destination:       seg<6> (PAD)
  Source Clock:      d_clk rising

  Data Path: Inst_bit4_cycle_generator/state_FSM_FFd4 to seg<6>
                                Gate     Net
    Cell:in->out      fanout   Delay   Delay  Logical Name (Net Name)
    ----------------------------------------  ------------
     FD:C->Q               5   0.525   1.117  Inst_bit4_cycle_generator/state_FSM_FFd4 (Inst_bit4_cycle_generator/state_FSM_FFd4)
     LUT4:I0->O            1   0.254   0.910  Mmux_single_number<1>_SW0 (N4)
     LUT5:I2->O            7   0.235   1.186  Mmux_single_number<1> (single_number<1>)
     LUT4:I0->O            1   0.254   0.681  single_display/Mram_segs61 (seg_6_OBUF)
     OBUF:I->O                 2.912          seg_6_OBUF (seg<6>)
    ----------------------------------------
    Total                      8.074ns (4.180ns logic, 3.894ns route)
                                       (51.8% logic, 48.2% route)

=========================================================================
Timing constraint: Default path analysis
  Total number of paths / destination ports: 112 / 7
-------------------------------------------------------------------------
Delay:               8.718ns (Levels of Logic = 5)
  Source:            full_number<12> (PAD)
  Destination:       seg<4> (PAD)

  Data Path: full_number<12> to seg<4>
                                Gate     Net
    Cell:in->out      fanout   Delay   Delay  Logical Name (Net Name)
    ----------------------------------------  ------------
     IBUF:I->O             1   1.328   0.958  full_number_12_IBUF (full_number_12_IBUF)
     LUT4:I0->O            1   0.254   0.910  Mmux_single_number<0>_SW0 (N2)
     LUT5:I2->O            7   0.235   1.186  Mmux_single_number<0> (single_number<0>)
     LUT4:I0->O            1   0.254   0.681  single_display/Mram_segs41 (seg_4_OBUF)
     OBUF:I->O                 2.912          seg_4_OBUF (seg<4>)
    ----------------------------------------
    Total                      8.718ns (4.983ns logic, 3.735ns route)
                                       (57.2% logic, 42.8% route)

=========================================================================

Cross Clock Domains Report:
--------------------------

Clock to Setup on destination clock d_clk
---------------+---------+---------+---------+---------+
               | Src:Rise| Src:Fall| Src:Rise| Src:Fall|
Source Clock   |Dest:Rise|Dest:Rise|Dest:Fall|Dest:Fall|
---------------+---------+---------+---------+---------+
d_clk          |    1.439|         |         |         |
---------------+---------+---------+---------+---------+

=========================================================================


Total REAL time to Xst completion: 5.00 secs
Total CPU time to Xst completion: 4.71 secs
 
--> 

Total memory usage is 243812 kilobytes

Number of errors   :    0 (   0 filtered)
Number of warnings :    0 (   0 filtered)
Number of infos    :    1 (   0 filtered)

