--------------------------------------------------------------------------------
Release 14.7 Trace  (nt)
Copyright (c) 1995-2013 Xilinx, Inc.  All rights reserved.

D:\Xilinx\14.7\ISE_DS\ISE\bin\nt\unwrapped\trce.exe -intstyle ise -v 3 -s 2 -n
3 -fastpaths -xml nx3_top.twx nx3_top.ncd -o nx3_top.twr nx3_top.pcf -ucf
nx3.ucf

Design file:              nx3_top.ncd
Physical constraint file: nx3_top.pcf
Device,package,speed:     xc6slx16,csg324,C,-2 (PRODUCTION 1.23 2013-10-13)
Report level:             verbose report

Environment Variable      Effect 
--------------------      ------ 
NONE                      No environment variables were set
--------------------------------------------------------------------------------

INFO:Timing:2698 - No timing constraints found, doing default enumeration.
INFO:Timing:3412 - To improve timing, see the Timing Closure User Guide (UG612).
INFO:Timing:2752 - To get complete path coverage, use the unconstrained paths 
   option. All paths that are not constrained will be reported in the 
   unconstrained paths section(s) of the report.
INFO:Timing:3339 - The clock-to-out numbers in this timing report are based on 
   a 50 Ohm transmission line loading model.  For the details of this model, 
   and for more information on accounting for different loading conditions, 
   please see the device datasheet.



Data Sheet report:
-----------------
All values displayed in nanoseconds (ns)

Clock clk to Pad
------------+-----------------+------------+-----------------+------------+------------------+--------+
            |Max (slowest) clk|  Process   |Min (fastest) clk|  Process   |                  | Clock  |
Destination |  (edge) to PAD  |   Corner   |  (edge) to PAD  |   Corner   |Internal Clock(s) | Phase  |
------------+-----------------+------------+-----------------+------------+------------------+--------+
digit<0>    |        10.414(R)|      SLOW  |         4.418(R)|      FAST  |clk_BUFGP         |   0.000|
digit<1>    |        10.411(R)|      SLOW  |         4.247(R)|      FAST  |clk_BUFGP         |   0.000|
digit<2>    |        10.397(R)|      SLOW  |         4.254(R)|      FAST  |clk_BUFGP         |   0.000|
digit<3>    |        10.652(R)|      SLOW  |         4.438(R)|      FAST  |clk_BUFGP         |   0.000|
leds<0>     |         7.859(R)|      SLOW  |         3.013(R)|      FAST  |clk_BUFGP         |   0.000|
leds<1>     |         7.859(R)|      SLOW  |         3.013(R)|      FAST  |clk_BUFGP         |   0.000|
leds<2>     |         7.857(R)|      SLOW  |         3.011(R)|      FAST  |clk_BUFGP         |   0.000|
leds<3>     |         7.857(R)|      SLOW  |         3.011(R)|      FAST  |clk_BUFGP         |   0.000|
leds<4>     |         7.786(R)|      SLOW  |         2.940(R)|      FAST  |clk_BUFGP         |   0.000|
leds<5>     |         7.786(R)|      SLOW  |         2.940(R)|      FAST  |clk_BUFGP         |   0.000|
leds<6>     |         7.836(R)|      SLOW  |         2.990(R)|      FAST  |clk_BUFGP         |   0.000|
leds<7>     |         7.836(R)|      SLOW  |         2.990(R)|      FAST  |clk_BUFGP         |   0.000|
------------+-----------------+------------+-----------------+------------+------------------+--------+

Clock to Setup on destination clock clk
---------------+---------+---------+---------+---------+
               | Src:Rise| Src:Fall| Src:Rise| Src:Fall|
Source Clock   |Dest:Rise|Dest:Rise|Dest:Fall|Dest:Fall|
---------------+---------+---------+---------+---------+
clk            |    5.404|         |         |         |
---------------+---------+---------+---------+---------+


Analysis completed Sat Dec 02 21:18:26 2017 
--------------------------------------------------------------------------------

Trace Settings:
-------------------------
Trace Settings 

Peak Memory Usage: 210 MB



